<?xml version="1.0" encoding="UTF-8"?>
<testsuite xmlns:xsi="http://www.w3.org/2001/XMLSchema-instance" xsi:noNamespaceSchemaLocation="https://maven.apache.org/surefire/maven-failsafe-plugin/xsd/failsafe-test-report.xsd" name="com.bestbuyapiplayground.junit.services.Debug" time="1.039" tests="7" errors="2" skipped="2" failures="1">
  <properties>
[...]
</properties>
  <testcase name="ignoring" classname="com.bestbuyapiplayground.junit.services.Debug" time="0">
    <skipped/>
    <system-err><![CDATA[[main] INFO  - Test Suite Started: Debug
[main] INFO  - 
  _____   ___   ___   _____     ___   _____     _     ___   _____   ___   ___  
 |_   _| | __| / __| |_   _|   / __| |_   _|   /_\   | _ \ |_   _| | __| |   \ 
   | |   | _|  \__ \   | |     \__ \   | |    / _ \  |   /   | |   | _|  | |) |
   |_|   |___| |___/   |_|     |___/   |_|   /_/ \_\ |_|_\   |_|   |___| |___/ 

ignoring
--------------------------------------------------------------------------------
[main] INFO  - &amp#27;[33m      -> TEST IGNORED&amp#27;[0m
[main] INFO  - &amp#27;[33m
  _____   ___   ___   _____     ___   _  __  ___   ___   ___   ___   ___  
 |_   _| | __| / __| |_   _|   / __| | |/ / |_ _| | _ \ | _ \ | __| |   \ 
   | |   | _|  \__ \   | |     \__ \ | ' <   | |  |  _/ |  _/ | _|  | |) |
   |_|   |___| |___/   |_|     |___/ |_|\_\ |___| |_|   |_|   |___| |___/ 

Ignoring
---------------------------------------------------------------------------&amp#27;[0m
]]></system-err>
  </testcase>
  <testcase name="errors" classname="com.bestbuyapiplayground.junit.services.Debug" time="0.014">
    <error message="/ by zero" type="java.lang.ArithmeticException">java.lang.ArithmeticException: / by zero
	at com.bestbuyapiplayground.junit.services.Debug.errors(Debug.java:90)
</error>
    <system-err><![CDATA[[main] INFO  - 
  _____   ___   ___   _____     ___   _____     _     ___   _____   ___   ___  
 |_   _| | __| / __| |_   _|   / __| |_   _|   /_\   | _ \ |_   _| | __| |   \ 
   | |   | _|  \__ \   | |     \__ \   | |    / _ \  |   /   | |   | _|  | |) |
   |_|   |___| |___/   |_|     |___/   |_|   /_/ \_\ |_|_\   |_|   |___| |___/ 

errors
--------------------------------------------------------------------------------
]]></system-err>
  </testcase>
  <testcase name="pending" classname="com.bestbuyapiplayground.junit.services.Debug" time="0">
    <skipped/>
    <system-err><![CDATA[[main] ERROR  - &amp#27;[91m
  _____   ___   ___   _____     ___   ___   ___    ___    ___ 
 |_   _| | __| / __| |_   _|   | __| | _ \ | _ \  / _ \  | _ \
   | |   | _|  \__ \   | |     | _|  |   / |   / | (_) | |   /
   |_|   |___| |___/   |_|     |___| |_|_\ |_|_\  \___/  |_|_\

Errors
---------------------------------------------------------------&amp#27;[0m
[main] ERROR  - &amp#27;[91m    / by zero&amp#27;[0m
[main] INFO  - 
  _____   ___   ___   _____     ___   _____     _     ___   _____   ___   ___  
 |_   _| | __| / __| |_   _|   / __| |_   _|   /_\   | _ \ |_   _| | __| |   \ 
   | |   | _|  \__ \   | |     \__ \   | |    / _ \  |   /   | |   | _|  | |) |
   |_|   |___| |___/   |_|     |___/   |_|   /_/ \_\ |_|_\   |_|   |___| |___/ 

pending
--------------------------------------------------------------------------------
[main] INFO  - &amp#27;[96m
  _____   ___   ___   _____     ___   ___   _  _   ___    ___   _  _    ___ 
 |_   _| | __| / __| |_   _|   | _ \ | __| | \| | |   \  |_ _| | \| |  / __|
   | |   | _|  \__ \   | |     |  _/ | _|  | .` | | |) |  | |  | .` | | (_ |
   |_|   |___| |___/   |_|     |_|   |___| |_|\_| |___/  |___| |_|\_|  \___|

Pending
-----------------------------------------------------------------------------&amp#27;[0m
]]></system-err>
  </testcase>
  <testcase name="failStatuscode" classname="com.bestbuyapiplayground.junit.services.Debug" time="0.328">
    <failure message="expected:&lt;200&gt; but was:&lt;201&gt;" type="java.lang.AssertionError"><![CDATA[java.lang.AssertionError: expected:<200> but was:<201>
	at com.bestbuyapiplayground.junit.services.Debug.failStatuscode(Debug.java:69)
]]></failure>
    <system-out><![CDATA[HTTP/1.1 200 OK
X-Powered-By: Express
Access-Control-Allow-Origin: *
Allow: GET,POST,PUT,PATCH,DELETE
Vary: Accept, Accept-Encoding
Content-Type: application/json; charset=utf-8
ETag: W/"445-JJmFnBBW+S63uS3WfHzd3dqZVxc"
Content-Encoding: gzip
Date: Tue, 02 Aug 2022 08:27:08 GMT
Connection: keep-alive
Keep-Alive: timeout=5
Transfer-Encoding: chunked

{
    "total": 223,
    "limit": 10,
    "skip": 0,
    "data": [
        {
            "id": 1,
            "name": "service8",
            "createdAt": "2016-11-17T17:56:35.881Z",
            "updatedAt": "2022-07-20T06:42:30.660Z"
        },
        {
            "id": 2,
            "name": "service8",
            "createdAt": "2016-11-17T17:56:35.881Z",
            "updatedAt": "2022-07-20T06:42:30.660Z"
        },
        {
            "id": 3,
            "name": "service8",
            "createdAt": "2016-11-17T17:56:35.881Z",
            "updatedAt": "2022-07-20T06:42:30.660Z"
        },
        {
            "id": 4,
            "name": "service8",
            "createdAt": "2016-11-17T17:56:35.881Z",
            "updatedAt": "2022-07-20T06:42:30.660Z"
        },
        {
            "id": 5,
            "name": "service8",
            "createdAt": "2016-11-17T17:56:35.881Z",
            "updatedAt": "2022-07-20T06:42:30.660Z"
        },
        {
            "id": 6,
            "name": "service8",
            "createdAt": "2016-11-17T17:56:35.881Z",
            "updatedAt": "2022-07-20T06:42:30.660Z"
        },
        {
            "id": 7,
            "name": "service8",
            "createdAt": "2016-11-17T17:56:35.881Z",
            "updatedAt": "2022-07-20T06:42:30.660Z"
        },
        {
            "id": 8,
            "name": "service8",
            "createdAt": "2016-11-17T17:56:35.881Z",
            "updatedAt": "2022-07-20T06:42:30.660Z"
        },
        {
            "id": 9,
            "name": "service8",
            "createdAt": "2016-11-17T17:56:35.881Z",
            "updatedAt": "2022-07-20T06:42:30.660Z"
        },
        {
            "id": 10,
            "name": "service8",
            "createdAt": "2016-11-17T17:56:35.881Z",
            "updatedAt": "2022-07-20T06:42:30.660Z"
        }
    ]
}
{
    "total": 223,
    "limit": 10,
    "skip": 0,
    "data": [
        {
            "id": 1,
            "name": "service8",
            "createdAt": "2016-11-17T17:56:35.881Z",
            "updatedAt": "2022-07-20T06:42:30.660Z"
        },
        {
            "id": 2,
            "name": "service8",
            "createdAt": "2016-11-17T17:56:35.881Z",
            "updatedAt": "2022-07-20T06:42:30.660Z"
        },
        {
            "id": 3,
            "name": "service8",
            "createdAt": "2016-11-17T17:56:35.881Z",
            "updatedAt": "2022-07-20T06:42:30.660Z"
        },
        {
            "id": 4,
            "name": "service8",
            "createdAt": "2016-11-17T17:56:35.881Z",
            "updatedAt": "2022-07-20T06:42:30.660Z"
        },
        {
            "id": 5,
            "name": "service8",
            "createdAt": "2016-11-17T17:56:35.881Z",
            "updatedAt": "2022-07-20T06:42:30.660Z"
        },
        {
            "id": 6,
            "name": "service8",
            "createdAt": "2016-11-17T17:56:35.881Z",
            "updatedAt": "2022-07-20T06:42:30.660Z"
        },
        {
            "id": 7,
            "name": "service8",
            "createdAt": "2016-11-17T17:56:35.881Z",
            "updatedAt": "2022-07-20T06:42:30.660Z"
        },
        {
            "id": 8,
            "name": "service8",
            "createdAt": "2016-11-17T17:56:35.881Z",
            "updatedAt": "2022-07-20T06:42:30.660Z"
        },
        {
            "id": 9,
            "name": "service8",
            "createdAt": "2016-11-17T17:56:35.881Z",
            "updatedAt": "2022-07-20T06:42:30.660Z"
        },
        {
            "id": 10,
            "name": "service8",
            "createdAt": "2016-11-17T17:56:35.881Z",
            "updatedAt": "2022-07-20T06:42:30.660Z"
        }
    ]
}
200
]]></system-out>
    <system-err><![CDATA[[main] INFO  - 
  _____   ___   ___   _____     ___   _____     _     ___   _____   ___   ___  
 |_   _| | __| / __| |_   _|   / __| |_   _|   /_\   | _ \ |_   _| | __| |   \ 
   | |   | _|  \__ \   | |     \__ \   | |    / _ \  |   /   | |   | _|  | |) |
   |_|   |___| |___/   |_|     |___/   |_|   /_/ \_\ |_|_\   |_|   |___| |___/ 

failStatuscode
--------------------------------------------------------------------------------
]]></system-err>
  </testcase>
  <testcase name="test" classname="com.bestbuyapiplayground.junit.services.Debug" time="0.025">
    <error message="Cannot invoke &quot;io.restassured.response.Response.getStatusCode()&quot; because &quot;this.res&quot; is null" type="java.lang.NullPointerException">java.lang.NullPointerException: Cannot invoke "io.restassured.response.Response.getStatusCode()" because "this.res" is null
	at com.bestbuyapiplayground.junit.services.Debug.test(Debug.java:40)
</error>
    <system-out><![CDATA[Request method:	GET
Request URI:	http://localhost:3030/services
Proxy:			<none>
Request params:	<none>
Query params:	<none>
Form params:	<none>
Path params:	<none>
Headers:		Accept=*/*
Cookies:		<none>
Multiparts:		<none>
Body:			<none>
HTTP/1.1 200 OK
X-Powered-By: Express
Access-Control-Allow-Origin: *
Allow: GET,POST,PUT,PATCH,DELETE
Vary: Accept, Accept-Encoding
Content-Type: application/json; charset=utf-8
ETag: W/"445-JJmFnBBW+S63uS3WfHzd3dqZVxc"
Content-Encoding: gzip
Date: Tue, 02 Aug 2022 08:27:08 GMT
Connection: keep-alive
Keep-Alive: timeout=5
Transfer-Encoding: chunked

{
    "total": 223,
    "limit": 10,
    "skip": 0,
    "data": [
        {
            "id": 1,
            "name": "service8",
            "createdAt": "2016-11-17T17:56:35.881Z",
            "updatedAt": "2022-07-20T06:42:30.660Z"
        },
        {
            "id": 2,
            "name": "service8",
            "createdAt": "2016-11-17T17:56:35.881Z",
            "updatedAt": "2022-07-20T06:42:30.660Z"
        },
        {
            "id": 3,
            "name": "service8",
            "createdAt": "2016-11-17T17:56:35.881Z",
            "updatedAt": "2022-07-20T06:42:30.660Z"
        },
        {
            "id": 4,
            "name": "service8",
            "createdAt": "2016-11-17T17:56:35.881Z",
            "updatedAt": "2022-07-20T06:42:30.660Z"
        },
        {
            "id": 5,
            "name": "service8",
            "createdAt": "2016-11-17T17:56:35.881Z",
            "updatedAt": "2022-07-20T06:42:30.660Z"
        },
        {
            "id": 6,
            "name": "service8",
            "createdAt": "2016-11-17T17:56:35.881Z",
            "updatedAt": "2022-07-20T06:42:30.660Z"
        },
        {
            "id": 7,
            "name": "service8",
            "createdAt": "2016-11-17T17:56:35.881Z",
            "updatedAt": "2022-07-20T06:42:30.660Z"
        },
        {
            "id": 8,
            "name": "service8",
            "createdAt": "2016-11-17T17:56:35.881Z",
            "updatedAt": "2022-07-20T06:42:30.660Z"
        },
        {
            "id": 9,
            "name": "service8",
            "createdAt": "2016-11-17T17:56:35.881Z",
            "updatedAt": "2022-07-20T06:42:30.660Z"
        },
        {
            "id": 10,
            "name": "service8",
            "createdAt": "2016-11-17T17:56:35.881Z",
            "updatedAt": "2022-07-20T06:42:30.660Z"
        }
    ]
}
executed
]]></system-out>
    <system-err><![CDATA[[main] ERROR  - &amp#27;[91m
  _____   ___   ___   _____     ___     _     ___   _      ___   ___  
 |_   _| | __| / __| |_   _|   | __|   /_\   |_ _| | |    | __| |   \ 
   | |   | _|  \__ \   | |     | _|   / _ \   | |  | |__  | _|  | |) |
   |_|   |___| |___/   |_|     |_|   /_/ \_\ |___| |____| |___| |___/ 

Failing
-----------------------------------------------------------------------&amp#27;[0m
[main] ERROR  - &amp#27;[91m    expected:<200> but was:<201>&amp#27;[0m
[main] INFO  - 
  _____   ___   ___   _____     ___   _____     _     ___   _____   ___   ___  
 |_   _| | __| / __| |_   _|   / __| |_   _|   /_\   | _ \ |_   _| | __| |   \ 
   | |   | _|  \__ \   | |     \__ \   | |    / _ \  |   /   | |   | _|  | |) |
   |_|   |___| |___/   |_|     |___/   |_|   /_/ \_\ |_|_\   |_|   |___| |___/ 

test
--------------------------------------------------------------------------------
]]></system-err>
  </testcase>
  <testcase name="passStatuscode" classname="com.bestbuyapiplayground.junit.services.Debug" time="0.164"/>
  <testcase name="compromised" classname="com.bestbuyapiplayground.junit.services.Debug" time="0.006"/>
</testsuite>