<?xml version="1.0" encoding="UTF-8"?>
<testng-results total="1" passed="1" failed="0" skipped="0">
  <reporter-output>
  </reporter-output>
  <suite started-at="2022-08-01T07:10:17Z" name="Default suite" finished-at="2022-08-01T07:10:19Z" duration-ms="1507">
    <groups>
    </groups>
    <test started-at="2022-08-01T07:10:17Z" name="Default test" finished-at="2022-08-01T07:10:19Z" duration-ms="1507">
      <class name="com.bestbuyapiplayground.junit.services.UnitCase">
        <test-method signature="getService()[pri:0, instance:com.bestbuyapiplayground.junit.services.UnitCase@6eb2384f]" started-at="2022-08-01T12:40:17Z" name="getService" finished-at="2022-08-01T12:40:19Z" duration-ms="1474" status="PASS">
          <reporter-output>
          </reporter-output>
        </test-method> <!-- getService -->
      </class> <!-- com.bestbuyapiplayground.junit.services.UnitCase -->
    </test> <!-- Default test -->
  </suite> <!-- Default suite -->
</testng-results>
