<?xml version="1.0" encoding="UTF-8" standalone="no"?><testsuite errors="2" failures="1" name="com.bestbuyapiplayground.junit.services.Debug" skipped="2" tests="7" time="0.57" timestamp="2022-08-02 01:57:08"><testcase classname="com.bestbuyapiplayground.junit.services.Debug" name="Ignoring"><skipped/></testcase><testcase classname="com.bestbuyapiplayground.junit.services.Debug" name="Errors"><error message="/ by zero" type="java.lang.ArithmeticException">/ by zero</error><system-err>/ by zero&#13;
com.bestbuyapiplayground.junit.services.Debug.errors(Debug.java:90)&#13;
</system-err></testcase><testcase classname="com.bestbuyapiplayground.junit.services.Debug" name="Pending"><skipped/></testcase><testcase classname="com.bestbuyapiplayground.junit.services.Debug" name="Failing"><failure message="expected:&lt;200&gt; but was:&lt;201&gt;" type="java.lang.AssertionError">expected:&lt;200&gt; but was:&lt;201&gt;</failure><system-err>expected:&lt;200&gt; but was:&lt;201&gt;&#13;
com.bestbuyapiplayground.junit.services.Debug.failStatuscode(Debug.java:69)&#13;
</system-err></testcase><testcase classname="com.bestbuyapiplayground.junit.services.Debug" name="get all services"><error message="Cannot invoke &quot;io.restassured.response.Response.getStatusCode()&quot; because &quot;this.res&quot; is null" type="java.lang.NullPointerException">Cannot invoke "io.restassured.response.Response.getStatusCode()" because "this.res" is null</error><system-err>Cannot invoke "io.restassured.response.Response.getStatusCode()" because "this.res" is null&#13;
com.bestbuyapiplayground.cucumber.stepdefinitions.StepDefinition.http_response(StepDefinition.java:31)&#13;
com.bestbuyapiplayground.junit.services.Debug.test(Debug.java:40)&#13;
</system-err></testcase><testcase classname="com.bestbuyapiplayground.junit.services.Debug" name="Passing"/><testcase classname="com.bestbuyapiplayground.junit.services.Debug" name="Compromised"/></testsuite>