<?xml version="1.0" encoding="UTF-8"?>
<testng-results total="3" passed="3" failed="0" skipped="0">
  <reporter-output>
  </reporter-output>
  <suite started-at="2022-07-28T07:51:37Z" name="Default suite" finished-at="2022-07-28T07:51:38Z" duration-ms="1527">
    <groups>
    </groups>
    <test started-at="2022-07-28T07:51:37Z" name="Default test" finished-at="2022-07-28T07:51:38Z" duration-ms="1527">
      <class name="resources.CreateProductSpec">
        <test-method signature="createProduct(java.lang.String, java.lang.String, java.lang.Double, java.lang.Double, java.lang.String, java.lang.String, java.lang.String, java.lang.String, java.lang.String, java.lang.String)[pri:0, instance:resources.CreateProductSpec@68b32e3e]" started-at="2022-07-28T13:21:37Z" name="createProduct" data-provider="ProductDetails" finished-at="2022-07-28T13:21:38Z" duration-ms="1434" status="PASS">
          <params>
            <param index="0">
              <value>
                <![CDATA[product1]]>
              </value>
            </param>
            <param index="1">
              <value>
                <![CDATA[type1]]>
              </value>
            </param>
            <param index="2">
              <value>
                <![CDATA[0.0]]>
              </value>
            </param>
            <param index="3">
              <value>
                <![CDATA[10.0]]>
              </value>
            </param>
            <param index="4">
              <value>
                <![CDATA[upc1]]>
              </value>
            </param>
            <param index="5">
              <value>
                <![CDATA[desc1]]>
              </value>
            </param>
            <param index="6">
              <value>
                <![CDATA[manufacture1]]>
              </value>
            </param>
            <param index="7">
              <value>
                <![CDATA[model1]]>
              </value>
            </param>
            <param index="8">
              <value>
                <![CDATA[url1]]>
              </value>
            </param>
            <param index="9">
              <value>
                <![CDATA[image1]]>
              </value>
            </param>
          </params>
          <reporter-output>
          </reporter-output>
        </test-method> <!-- createProduct -->
        <test-method signature="createProduct(java.lang.String, java.lang.String, java.lang.Double, java.lang.Double, java.lang.String, java.lang.String, java.lang.String, java.lang.String, java.lang.String, java.lang.String)[pri:0, instance:resources.CreateProductSpec@68b32e3e]" started-at="2022-07-28T13:21:38Z" name="createProduct" data-provider="ProductDetails" finished-at="2022-07-28T13:21:38Z" duration-ms="32" status="PASS">
          <params>
            <param index="0">
              <value>
                <![CDATA[product2]]>
              </value>
            </param>
            <param index="1">
              <value>
                <![CDATA[type2]]>
              </value>
            </param>
            <param index="2">
              <value>
                <![CDATA[2.0]]>
              </value>
            </param>
            <param index="3">
              <value>
                <![CDATA[20.0]]>
              </value>
            </param>
            <param index="4">
              <value>
                <![CDATA[upc2]]>
              </value>
            </param>
            <param index="5">
              <value>
                <![CDATA[desc2]]>
              </value>
            </param>
            <param index="6">
              <value>
                <![CDATA[manufacture3]]>
              </value>
            </param>
            <param index="7">
              <value>
                <![CDATA[model2]]>
              </value>
            </param>
            <param index="8">
              <value>
                <![CDATA[url2]]>
              </value>
            </param>
            <param index="9">
              <value>
                <![CDATA[image2]]>
              </value>
            </param>
          </params>
          <reporter-output>
          </reporter-output>
        </test-method> <!-- createProduct -->
        <test-method signature="createProduct(java.lang.String, java.lang.String, java.lang.Double, java.lang.Double, java.lang.String, java.lang.String, java.lang.String, java.lang.String, java.lang.String, java.lang.String)[pri:0, instance:resources.CreateProductSpec@68b32e3e]" started-at="2022-07-28T13:21:38Z" name="createProduct" data-provider="ProductDetails" finished-at="2022-07-28T13:21:38Z" duration-ms="41" status="PASS">
          <params>
            <param index="0">
              <value>
                <![CDATA[product3]]>
              </value>
            </param>
            <param index="1">
              <value>
                <![CDATA[type3]]>
              </value>
            </param>
            <param index="2">
              <value>
                <![CDATA[3.0]]>
              </value>
            </param>
            <param index="3">
              <value>
                <![CDATA[30.0]]>
              </value>
            </param>
            <param index="4">
              <value>
                <![CDATA[upc3]]>
              </value>
            </param>
            <param index="5">
              <value>
                <![CDATA[desc3]]>
              </value>
            </param>
            <param index="6">
              <value>
                <![CDATA[manufacture3]]>
              </value>
            </param>
            <param index="7">
              <value>
                <![CDATA[model3]]>
              </value>
            </param>
            <param index="8">
              <value>
                <![CDATA[url3]]>
              </value>
            </param>
            <param index="9">
              <value>
                <![CDATA[image3]]>
              </value>
            </param>
          </params>
          <reporter-output>
          </reporter-output>
        </test-method> <!-- createProduct -->
      </class> <!-- resources.CreateProductSpec -->
    </test> <!-- Default test -->
  </suite> <!-- Default suite -->
</testng-results>
